<?xml version="1.0" encoding="UTF-8"?>
<testng-results ignored="0" total="1" passed="1" failed="0" skipped="0">
  <reporter-output>
  </reporter-output>
  <suite started-at="2024-06-14T02:12:58 IST" name="Default suite" finished-at="2024-06-14T02:13:07 IST" duration-ms="9122">
    <groups>
    </groups>
    <test started-at="2024-06-14T02:12:58 IST" name="Default test" finished-at="2024-06-14T02:13:07 IST" duration-ms="9122">
      <class name="org.testclass.StartTestCase">
        <test-method signature="Start3()[pri:0, instance:org.testclass.StartTestCase@76ed1b7c]" started-at="2024-06-14T02:12:58 IST" name="Start3" finished-at="2024-06-14T02:13:07 IST" duration-ms="9086" status="PASS">
          <reporter-output>
          </reporter-output>
        </test-method> <!-- Start3 -->
      </class> <!-- org.testclass.StartTestCase -->
    </test> <!-- Default test -->
  </suite> <!-- Default suite -->
</testng-results>
